<?xml version="1.0" encoding="UTF-8"?>
<!-- Generated by org.testng.reporters.JUnitReportReporter -->
<testsuite skipped="0" hostname="DESKTOP-9VOCME9" name="com.testng.com.Parallet_Testing" tests="4" failures="0" timestamp="2022-02-14T14:30:05 IST" time="8.148" errors="0">
  <testcase name="Bmethod" time="2.037" classname="com.testng.com.Parallet_Testing"/>
  <testcase name="Amethod" time="2.037" classname="com.testng.com.Parallet_Testing"/>
  <testcase name="Cmethod" time="2.037" classname="com.testng.com.Parallet_Testing"/>
  <testcase name="Dmethod" time="2.037" classname="com.testng.com.Parallet_Testing"/>
</testsuite> <!-- com.testng.com.Parallet_Testing -->
