<?xml version="1.0" encoding="UTF-8"?>
<!-- Generated by org.testng.reporters.JUnitReportReporter -->
<testsuite skipped="0" hostname="DESKTOP-9VOCME9" name="com.testng.com.Testng_Grouping" tests="3" failures="0" timestamp="2022-02-15T18:40:26 IST" time="0.011" errors="0">
  <testcase name="cmethod" time="0.002" classname="com.testng.com.Testng_Grouping"/>
  <testcase name="dmethod" time="0.000" classname="com.testng.com.Testng_Grouping"/>
  <testcase name="amethod" time="0.009" classname="com.testng.com.Testng_Grouping"/>
</testsuite> <!-- com.testng.com.Testng_Grouping -->
