<?xml version="1.0" encoding="UTF-8"?>
<!-- Generated by org.testng.reporters.JUnitReportReporter -->
<testsuite skipped="0" hostname="DESKTOP-9VOCME9" name="com.testng.com.Testnng" tests="2" failures="0" timestamp="2022-02-09T17:55:25 IST" time="0.014" errors="0">
  <testcase name="searchlap" time="0.009" classname="com.testng.com.Testnng"/>
  <testcase name="searchmobile" time="0.005" classname="com.testng.com.Testnng"/>
</testsuite> <!-- com.testng.com.Testnng -->
