<?xml version="1.0" encoding="UTF-8"?>
<!-- Generated by org.testng.reporters.JUnitReportReporter -->
<testsuite skipped="0" hostname="DESKTOP-9VOCME9" name="com.testng.com.Testng_Parameters" tests="2" failures="0" timestamp="2022-02-16T18:15:48 IST" time="0.019" errors="0">
  <testcase name="method2" time="0.001" classname="com.testng.com.Testng_Parameters"/>
  <testcase name="method1" time="0.018" classname="com.testng.com.Testng_Parameters"/>
</testsuite> <!-- com.testng.com.Testng_Parameters -->
