<?xml version="1.0" encoding="UTF-8"?>
<!-- Generated by org.testng.reporters.JUnitReportReporter -->
<testsuite skipped="0" hostname="DESKTOP-9VOCME9" name="com.testng.com.Priority" tests="4" failures="0" timestamp="2022-02-10T17:53:18 IST" time="0.022" errors="0">
  <testcase name="Amethod" time="0.015" classname="com.testng.com.Priority"/>
  <testcase name="Cmethod" time="0.002" classname="com.testng.com.Priority"/>
  <testcase name="Bmethod" time="0.003" classname="com.testng.com.Priority"/>
  <testcase name="Dmethod" time="0.002" classname="com.testng.com.Priority"/>
</testsuite> <!-- com.testng.com.Priority -->
