<?xml version="1.0" encoding="UTF-8"?>
<!-- Generated by org.testng.reporters.JUnitReportReporter -->
<testsuite skipped="2" hostname="DESKTOP-9VOCME9" name="com.testng.com.Ignore" tests="9" failures="0" timestamp="2022-02-10T18:03:15 IST" time="0.027" errors="0">
  <testcase name="Amethod" time="0.002" classname="com.testng.com.Ignore"/>
  <testcase name="Amethod" time="0.014" classname="com.testng.com.Ignore"/>
  <testcase name="Amethod" time="0.002" classname="com.testng.com.Ignore"/>
  <testcase name="Amethod" time="0.003" classname="com.testng.com.Ignore"/>
  <testcase name="Amethod" time="0.002" classname="com.testng.com.Ignore"/>
  <testcase name="Amethod" time="0.002" classname="com.testng.com.Ignore"/>
  <testcase name="Bmethod" time="0.002" classname="com.testng.com.Ignore"/>
  <testcase name="Dmethod" classname="com.testng.com.Ignore">
    <skipped/>
  </testcase> <!-- Dmethod -->
  <testcase name="Cmethod" classname="com.testng.com.Ignore">
    <skipped/>
  </testcase> <!-- Cmethod -->
</testsuite> <!-- com.testng.com.Ignore -->
