<?xml version="1.0" encoding="UTF-8"?>
<!-- Generated by org.testng.reporters.JUnitReportReporter -->
<testsuite skipped="0" hostname="DESKTOP-9VOCME9" name="com.testng.com.Timeout_Test" tests="4" failures="0" timestamp="2022-02-14T14:23:24 IST" time="1.048" errors="1">
  <testcase name="Amethod" time="0.020" classname="com.testng.com.Timeout_Test"/>
  <testcase name="Cmethod" time="0.000" classname="com.testng.com.Timeout_Test"/>
  <testcase name="Bmethod" time="1.028" classname="com.testng.com.Timeout_Test">
    <error type="org.testng.internal.thread.ThreadTimeoutException" message="Method com.testng.com.Timeout_Test.Bmethod() didn&#039;t finish within the time-out 1000">
      <![CDATA[org.testng.internal.thread.ThreadTimeoutException: Method com.testng.com.Timeout_Test.Bmethod() didn't finish within the time-out 1000
at sun.misc.Unsafe.compareAndSwapInt(Native Method)
at sun.misc.Unsafe.getAndAddInt(Unknown Source)
at java.util.concurrent.atomic.AtomicInteger.incrementAndGet(Unknown Source)
at org.testng.internal.BaseTestMethod.incrementCurrentInvocationCount(BaseTestMethod.java:580)
at org.testng.internal.InvokeMethodRunnable.runOne(InvokeMethodRunnable.java:64)
at org.testng.internal.InvokeMethodRunnable.run(InvokeMethodRunnable.java:41)
at java.util.concurrent.Executors$RunnableAdapter.call(Unknown Source)
at java.util.concurrent.FutureTask.run(Unknown Source)
at java.util.concurrent.ThreadPoolExecutor.runWorker(Unknown Source)
at java.util.concurrent.ThreadPoolExecutor$Worker.run(Unknown Source)
at java.lang.Thread.run(Unknown Source)
]]>
    </error>
  </testcase> <!-- Bmethod -->
  <testcase name="Dmethod" time="0.000" classname="com.testng.com.Timeout_Test"/>
</testsuite> <!-- com.testng.com.Timeout_Test -->
