<?xml version="1.0" encoding="UTF-8"?>
<!-- Generated by org.testng.reporters.JUnitReportReporter -->
<testsuite skipped="0" hostname="DESKTOP-9VOCME9" name="com.testng.com.Testng_Dataprovider" tests="2" failures="0" timestamp="2022-02-16T18:30:36 IST" time="0.013" errors="0">
  <testcase name="method1" time="0.002" classname="com.testng.com.Testng_Dataprovider"/>
  <testcase name="method1" time="0.011" classname="com.testng.com.Testng_Dataprovider"/>
</testsuite> <!-- com.testng.com.Testng_Dataprovider -->
