<?xml version="1.0" encoding="UTF-8"?>
<!-- Generated by org.testng.reporters.JUnitReportReporter -->
<testsuite skipped="0" hostname="DESKTOP-9VOCME9" name="com.testng.com.Testng_Dependson" tests="3" failures="0" timestamp="2022-02-15T18:31:08 IST" time="0.025" errors="0">
  <testcase name="bmethod" time="0.023" classname="com.testng.com.Testng_Dependson"/>
  <testcase name="amethod" time="0.001" classname="com.testng.com.Testng_Dependson"/>
  <testcase name="cmethod" time="0.001" classname="com.testng.com.Testng_Dependson"/>
</testsuite> <!-- com.testng.com.Testng_Dependson -->
