<?xml version="1.0" encoding="UTF-8"?>
<!-- Generated by org.testng.reporters.JUnitReportReporter -->
<testsuite skipped="0" hostname="DESKTOP-9VOCME9" name="com.testng.com.Testng_ExpectedExceptions" tests="2" failures="0" timestamp="2022-02-14T14:37:21 IST" time="0.013" errors="0">
  <testcase name="Calculation2" time="0.013" classname="com.testng.com.Testng_ExpectedExceptions"/>
  <testcase name="calculation" time="0.000" classname="com.testng.com.Testng_ExpectedExceptions"/>
</testsuite> <!-- com.testng.com.Testng_ExpectedExceptions -->
